mode: set
github.com/mercadolibre/go-meli-toolkit/restclient/restclient.go:31.41,39.2 2 1
github.com/mercadolibre/go-meli-toolkit/restclient/restclient.go:42.29,59.2 7 1
github.com/mercadolibre/go-meli-toolkit/restclient/restclient.go:81.56,87.36 2 1
github.com/mercadolibre/go-meli-toolkit/restclient/restclient.go:94.2,94.24 1 1
github.com/mercadolibre/go-meli-toolkit/restclient/restclient.go:100.2,103.25 2 1
github.com/mercadolibre/go-meli-toolkit/restclient/restclient.go:108.2,112.30 3 1
github.com/mercadolibre/go-meli-toolkit/restclient/restclient.go:119.2,119.21 1 1
github.com/mercadolibre/go-meli-toolkit/restclient/restclient.go:87.36,89.3 1 1
github.com/mercadolibre/go-meli-toolkit/restclient/restclient.go:89.3,91.3 1 1
github.com/mercadolibre/go-meli-toolkit/restclient/restclient.go:94.24,97.3 2 0
github.com/mercadolibre/go-meli-toolkit/restclient/restclient.go:103.25,105.3 1 1
github.com/mercadolibre/go-meli-toolkit/restclient/restclient.go:112.30,116.3 3 1
github.com/mercadolibre/go-meli-toolkit/restclient/restclient.go:124.39,127.31 1 1
github.com/mercadolibre/go-meli-toolkit/restclient/restclient.go:134.2,135.17 2 1
github.com/mercadolibre/go-meli-toolkit/restclient/restclient.go:139.2,139.13 1 1
github.com/mercadolibre/go-meli-toolkit/restclient/restclient.go:127.31,128.37 1 1
github.com/mercadolibre/go-meli-toolkit/restclient/restclient.go:128.37,130.4 1 1
github.com/mercadolibre/go-meli-toolkit/restclient/restclient.go:135.17,137.3 1 1
github.com/mercadolibre/go-meli-toolkit/restclient/restclient.go:144.71,146.2 1 1
github.com/mercadolibre/go-meli-toolkit/restclient/restclient.go:149.74,151.2 1 1
github.com/mercadolibre/go-meli-toolkit/restclient/restclient.go:154.72,156.2 1 1
github.com/mercadolibre/go-meli-toolkit/restclient/restclient.go:166.66,169.26 1 1
github.com/mercadolibre/go-meli-toolkit/restclient/restclient.go:174.2,174.26 1 1
github.com/mercadolibre/go-meli-toolkit/restclient/restclient.go:179.2,179.24 1 1
github.com/mercadolibre/go-meli-toolkit/restclient/restclient.go:184.2,184.29 1 1
github.com/mercadolibre/go-meli-toolkit/restclient/restclient.go:200.2,200.13 1 1
github.com/mercadolibre/go-meli-toolkit/restclient/restclient.go:169.26,171.3 1 1
github.com/mercadolibre/go-meli-toolkit/restclient/restclient.go:174.26,176.3 1 1
github.com/mercadolibre/go-meli-toolkit/restclient/restclient.go:179.24,181.3 1 0
github.com/mercadolibre/go-meli-toolkit/restclient/restclient.go:184.29,188.10 2 1
github.com/mercadolibre/go-meli-toolkit/restclient/restclient.go:193.3,193.17 1 1
github.com/mercadolibre/go-meli-toolkit/restclient/restclient.go:188.10,190.4 1 0
github.com/mercadolibre/go-meli-toolkit/restclient/restclient.go:193.17,195.4 1 0
github.com/mercadolibre/go-meli-toolkit/restclient/restclient.go:204.100,207.24 1 1
github.com/mercadolibre/go-meli-toolkit/restclient/restclient.go:213.2,213.12 1 1
github.com/mercadolibre/go-meli-toolkit/restclient/restclient.go:207.24,208.106 1 1
github.com/mercadolibre/go-meli-toolkit/restclient/restclient.go:208.106,210.4 1 1
github.com/mercadolibre/go-meli-toolkit/restclient/restclient.go:220.109,223.13 1 1
github.com/mercadolibre/go-meli-toolkit/restclient/restclient.go:231.2,238.15 4 1
github.com/mercadolibre/go-meli-toolkit/restclient/restclient.go:261.2,264.16 2 1
github.com/mercadolibre/go-meli-toolkit/restclient/restclient.go:269.2,275.15 3 1
github.com/mercadolibre/go-meli-toolkit/restclient/restclient.go:313.2,313.22 1 1
github.com/mercadolibre/go-meli-toolkit/restclient/restclient.go:223.13,225.13 2 1
github.com/mercadolibre/go-meli-toolkit/restclient/restclient.go:225.13,227.4 1 1
github.com/mercadolibre/go-meli-toolkit/restclient/restclient.go:238.15,241.38 1 1
github.com/mercadolibre/go-meli-toolkit/restclient/restclient.go:241.38,248.47 3 1
github.com/mercadolibre/go-meli-toolkit/restclient/restclient.go:254.4,254.21 1 1
github.com/mercadolibre/go-meli-toolkit/restclient/restclient.go:248.47,251.5 2 1
github.com/mercadolibre/go-meli-toolkit/restclient/restclient.go:254.21,256.5 1 1
github.com/mercadolibre/go-meli-toolkit/restclient/restclient.go:264.16,266.3 1 0
github.com/mercadolibre/go-meli-toolkit/restclient/restclient.go:275.15,278.41 1 1
github.com/mercadolibre/go-meli-toolkit/restclient/restclient.go:278.41,283.27 2 1
github.com/mercadolibre/go-meli-toolkit/restclient/restclient.go:283.27,289.30 2 1
github.com/mercadolibre/go-meli-toolkit/restclient/restclient.go:289.30,299.6 5 1
github.com/mercadolibre/go-meli-toolkit/restclient/restclient.go:302.4,305.21 1 1
github.com/mercadolibre/go-meli-toolkit/restclient/restclient.go:305.21,307.5 1 1
github.com/mercadolibre/go-meli-toolkit/restclient/restclient.go:318.58,320.43 1 1
github.com/mercadolibre/go-meli-toolkit/restclient/restclient.go:326.2,326.15 1 0
github.com/mercadolibre/go-meli-toolkit/restclient/restclient.go:320.43,321.58 1 1
github.com/mercadolibre/go-meli-toolkit/restclient/restclient.go:321.58,323.4 1 1
github.com/mercadolibre/go-meli-toolkit/restclient/restclient.go:331.63,338.25 3 1
github.com/mercadolibre/go-meli-toolkit/restclient/restclient.go:343.2,343.20 1 1
github.com/mercadolibre/go-meli-toolkit/restclient/restclient.go:338.25,340.3 1 1
github.com/mercadolibre/go-meli-toolkit/restclient/restclient.go:343.20,344.35 1 1
github.com/mercadolibre/go-meli-toolkit/restclient/restclient.go:344.35,346.4 1 1
github.com/mercadolibre/go-meli-toolkit/restclient/restclient.go:352.88,354.2 1 1
github.com/mercadolibre/go-meli-toolkit/restclient/restclient.go:357.87,359.2 1 1
github.com/mercadolibre/go-meli-toolkit/restclient/restclient.go:362.117,371.16 3 1
github.com/mercadolibre/go-meli-toolkit/restclient/restclient.go:376.2,378.44 2 1
github.com/mercadolibre/go-meli-toolkit/restclient/restclient.go:371.16,373.3 1 0
github.com/mercadolibre/go-meli-toolkit/restclient/restclient.go:383.77,387.17 2 1
github.com/mercadolibre/go-meli-toolkit/restclient/restclient.go:392.2,396.17 3 1
github.com/mercadolibre/go-meli-toolkit/restclient/restclient.go:401.2,401.15 1 1
github.com/mercadolibre/go-meli-toolkit/restclient/restclient.go:410.2,410.69 1 1
github.com/mercadolibre/go-meli-toolkit/restclient/restclient.go:387.17,389.3 1 1
github.com/mercadolibre/go-meli-toolkit/restclient/restclient.go:396.17,398.3 1 0
github.com/mercadolibre/go-meli-toolkit/restclient/restclient.go:401.15,404.18 1 1
github.com/mercadolibre/go-meli-toolkit/restclient/restclient.go:404.18,406.4 1 1
github.com/mercadolibre/go-meli-toolkit/restclient/restclient.go:427.19,429.2 1 0
github.com/mercadolibre/go-meli-toolkit/restclient/restclient.go:432.12,433.49 1 1
github.com/mercadolibre/go-meli-toolkit/restclient/restclient.go:433.49,435.3 1 1
github.com/mercadolibre/go-meli-toolkit/restclient/restclient.go:439.41,442.32 1 1
github.com/mercadolibre/go-meli-toolkit/restclient/restclient.go:442.32,444.3 1 1
github.com/mercadolibre/go-meli-toolkit/restclient/restclient.go:449.97,460.12 7 1
github.com/mercadolibre/go-meli-toolkit/restclient/restclient.go:460.12,463.3 2 1
github.com/mercadolibre/go-meli-toolkit/restclient/restclient.go:463.3,465.3 1 1
